ERROR: Unable to locate a modulefile for 'cudnn'
DEBUG:commons:version: 6.2.4 *
DEBUG:typing:version: 6.2.3
DEBUG:duckietown_world:duckietown-world version 6.4.3 path /data/class/cs175/choiji2/.conda/envs/ducky/lib/python3.9/site-packages
DEBUG:geometry:PyGeometry-z6 version 2.1.5 path /data/class/cs175/choiji2/.conda/envs/ducky/lib/python3.9/site-packages
DEBUG:aido_schemas:aido-protocols version 6.1.1 path /data/class/cs175/choiji2/.conda/envs/ducky/lib/python3.9/site-packages
DEBUG:nodes:version 6.2.17 path /data/class/cs175/choiji2/.conda/envs/ducky/lib/python3.9/site-packages pyparsing 3.2.1
DEBUG:gym-duckietown:gym-duckietown version 6.1.34 path /data/class/cs175/choiji2/.conda/envs/ducky/lib/python3.9/site-packages

{'audio': ('xaudio2', 'directsound', 'openal', 'pulse', 'silent'), 'debug_font': False, 'debug_gl': True, 'debug_gl_trace': False, 'debug_gl_trace_args': False, 'debug_graphics_batch': False, 'debug_lib': False, 'debug_media': False, 'debug_texture': False, 'debug_trace': False, 'debug_trace_args': False, 'debug_trace_depth': 1, 'debug_trace_flush': True, 'debug_win32': False, 'debug_x11': False, 'graphics_vbo': True, 'shadow_window': True, 'vsync': None, 'xsync': True, 'xlib_fullscreen_override_redirect': False, 'darwin_cocoa': True, 'search_local_libs': True, 'advanced_font_features': False, 'headless': False, 'headless_device': 0, 'win32_disable_shaping': False}
Traceback (most recent call last):
  File "/data/class/cs175/choiji2/project/ducky_project.py", line 13, in <module>
    from stable_baselines3 import PPO
  File "/data/class/cs175/choiji2/.local/lib/python3.9/site-packages/stable_baselines3/__init__.py", line 3, in <module>
    from stable_baselines3.a2c import A2C
  File "/data/class/cs175/choiji2/.local/lib/python3.9/site-packages/stable_baselines3/a2c/__init__.py", line 1, in <module>
    from stable_baselines3.a2c.a2c import A2C
  File "/data/class/cs175/choiji2/.local/lib/python3.9/site-packages/stable_baselines3/a2c/a2c.py", line 3, in <module>
    import torch as th
  File "/data/class/cs175/choiji2/.local/lib/python3.9/site-packages/torch/__init__.py", line 367, in <module>
    from torch._C import *  # noqa: F403
ImportError: /data/class/cs175/choiji2/.local/lib/python3.9/site-packages/torch/lib/../../nvidia/cusparse/lib/libcusparse.so.12: undefined symbol: __nvJitLinkComplete_12_4, version libnvJitLink.so.12
