DEBUG:commons:version: 6.2.4 *
DEBUG:typing:version: 6.2.3
DEBUG:duckietown_world:duckietown-world version 6.4.3 path /data/class/cs175/choiji2/.conda/envs/ducky/lib/python3.9/site-packages
DEBUG:geometry:PyGeometry-z6 version 2.1.5 path /data/class/cs175/choiji2/.conda/envs/ducky/lib/python3.9/site-packages
/data/class/cs175/choiji2/.conda/envs/ducky/lib/python3.9/site-packages/geometry/__init__.py:42: UserWarning: A NumPy version >=1.22.4 and <2.3.0 is required for this version of SciPy (detected version 1.22.3)
  from scipy.linalg import logm, expm, eigh
DEBUG:aido_schemas:aido-protocols version 6.1.1 path /data/class/cs175/choiji2/.conda/envs/ducky/lib/python3.9/site-packages
DEBUG:nodes:version 6.2.17 path /data/class/cs175/choiji2/.conda/envs/ducky/lib/python3.9/site-packages pyparsing 3.2.1
DEBUG:gym-duckietown:gym-duckietown version 6.1.34 path /data/class/cs175/choiji2/.conda/envs/ducky/lib/python3.9/site-packages

2025-02-18 23:36:55.459415: I tensorflow/core/platform/cpu_feature_guard.cc:210] This TensorFlow binary is optimized to use available CPU instructions in performance-critical operations.
To enable the following instructions: AVX2 AVX512F FMA, in other operations, rebuild TensorFlow with the appropriate compiler flags.
{'audio': ('xaudio2', 'directsound', 'openal', 'pulse', 'silent'), 'debug_font': False, 'debug_gl': True, 'debug_gl_trace': False, 'debug_gl_trace_args': False, 'debug_graphics_batch': False, 'debug_lib': False, 'debug_media': False, 'debug_texture': False, 'debug_trace': False, 'debug_trace_args': False, 'debug_trace_depth': 1, 'debug_trace_flush': True, 'debug_win32': False, 'debug_x11': False, 'graphics_vbo': True, 'shadow_window': True, 'vsync': None, 'xsync': True, 'xlib_fullscreen_override_redirect': False, 'darwin_cocoa': True, 'search_local_libs': True, 'advanced_font_features': False, 'headless': False, 'headless_device': 0, 'win32_disable_shaping': False}
Traceback (most recent call last):
  File "/data/class/cs175/choiji2/project/ducky_project.py", line 14, in <module>
    from stable_baselines3 import PPO
  File "/data/class/cs175/choiji2/.local/lib/python3.9/site-packages/stable_baselines3/__init__.py", line 3, in <module>
    from stable_baselines3.a2c import A2C
  File "/data/class/cs175/choiji2/.local/lib/python3.9/site-packages/stable_baselines3/a2c/__init__.py", line 1, in <module>
    from stable_baselines3.a2c.a2c import A2C
  File "/data/class/cs175/choiji2/.local/lib/python3.9/site-packages/stable_baselines3/a2c/a2c.py", line 7, in <module>
    from stable_baselines3.common.buffers import RolloutBuffer
  File "/data/class/cs175/choiji2/.local/lib/python3.9/site-packages/stable_baselines3/common/buffers.py", line 16, in <module>
    from stable_baselines3.common.utils import get_device
  File "/data/class/cs175/choiji2/.local/lib/python3.9/site-packages/stable_baselines3/common/utils.py", line 24, in <module>
    from stable_baselines3.common.logger import Logger, configure
  File "/data/class/cs175/choiji2/.local/lib/python3.9/site-packages/stable_baselines3/common/logger.py", line 11, in <module>
    import matplotlib.figure
  File "/data/class/cs175/choiji2/.conda/envs/ducky/lib/python3.9/site-packages/matplotlib/__init__.py", line 263, in <module>
    _check_versions()
  File "/data/class/cs175/choiji2/.conda/envs/ducky/lib/python3.9/site-packages/matplotlib/__init__.py", line 259, in _check_versions
    raise ImportError(f"Matplotlib requires {modname}>={minver}; "
ImportError: Matplotlib requires numpy>=1.23; you have 1.22.3
